  mundo.cpp
  Nota: inclusión del archivo: C:\Users\casti\Desktop\Universidad Politecnica de Madrid\Tercero\Informatica Industrial\Trabajo_Informatica-main\Tanques_v5\src\mundo.h
  Nota: inclusión del archivo:  C:\Users\casti\Desktop\Universidad Politecnica de Madrid\Tercero\Informatica Industrial\Trabajo_Informatica-main\Tanques_v5\src\Tanque.h
  Nota: inclusión del archivo:   C:\Users\casti\Desktop\Universidad Politecnica de Madrid\Tercero\Informatica Industrial\Trabajo_Informatica-main\Tanques_v5\src\vector3D.h
  Nota: inclusión del archivo:    C:\Program Files (x86)\Microsoft Visual Studio\2019\Community\VC\Tools\MSVC\14.28.29333\include\iostream
  Nota: inclusión del archivo:     C:\Program Files (x86)\Microsoft Visual Studio\2019\Community\VC\Tools\MSVC\14.28.29333\include\yvals_core.h
  Nota: inclusión del archivo:      C:\Program Files (x86)\Microsoft Visual Studio\2019\Community\VC\Tools\MSVC\14.28.29333\include\vcruntime.h
  Nota: inclusión del archivo:       C:\Program Files (x86)\Microsoft Visual Studio\2019\Community\VC\Tools\MSVC\14.28.29333\include\sal.h
  Nota: inclusión del archivo:        C:\Program Files (x86)\Microsoft Visual Studio\2019\Community\VC\Tools\MSVC\14.28.29333\include\concurrencysal.h
  Nota: inclusión del archivo:       C:\Program Files (x86)\Microsoft Visual Studio\2019\Community\VC\Tools\MSVC\14.28.29333\include\vadefs.h
  Nota: inclusión del archivo:      C:\Program Files (x86)\Microsoft Visual Studio\2019\Community\VC\Tools\MSVC\14.28.29333\include\xkeycheck.h
  Nota: inclusión del archivo:     C:\Program Files (x86)\Microsoft Visual Studio\2019\Community\VC\Tools\MSVC\14.28.29333\include\istream
  Nota: inclusión del archivo:      C:\Program Files (x86)\Microsoft Visual Studio\2019\Community\VC\Tools\MSVC\14.28.29333\include\ostream
  Nota: inclusión del archivo:       C:\Program Files (x86)\Microsoft Visual Studio\2019\Community\VC\Tools\MSVC\14.28.29333\include\ios
  Nota: inclusión del archivo:        C:\Program Files (x86)\Microsoft Visual Studio\2019\Community\VC\Tools\MSVC\14.28.29333\include\xlocnum
  Nota: inclusión del archivo:         C:\Program Files (x86)\Microsoft Visual Studio\2019\Community\VC\Tools\MSVC\14.28.29333\include\climits
  Nota: inclusión del archivo:          C:\Program Files (x86)\Microsoft Visual Studio\2019\Community\VC\Tools\MSVC\14.28.29333\include\limits.h
  Nota: inclusión del archivo:         C:\Program Files (x86)\Microsoft Visual Studio\2019\Community\VC\Tools\MSVC\14.28.29333\include\cmath
  Nota: inclusión del archivo:          C:\Program Files (x86)\Microsoft Visual Studio\2019\Community\VC\Tools\MSVC\14.28.29333\include\yvals.h
  Nota: inclusión del archivo:           C:\Program Files (x86)\Windows Kits\10\Include\10.0.18362.0\ucrt\crtdbg.h
  Nota: inclusión del archivo:            C:\Program Files (x86)\Windows Kits\10\Include\10.0.18362.0\ucrt\corecrt.h
  Nota: inclusión del archivo:            C:\Program Files (x86)\Microsoft Visual Studio\2019\Community\VC\Tools\MSVC\14.28.29333\include\vcruntime_new_debug.h
  Nota: inclusión del archivo:             C:\Program Files (x86)\Microsoft Visual Studio\2019\Community\VC\Tools\MSVC\14.28.29333\include\vcruntime_new.h
  Nota: inclusión del archivo:           C:\Program Files (x86)\Microsoft Visual Studio\2019\Community\VC\Tools\MSVC\14.28.29333\include\crtdefs.h
  Nota: inclusión del archivo:           C:\Program Files (x86)\Microsoft Visual Studio\2019\Community\VC\Tools\MSVC\14.28.29333\include\use_ansi.h
  Nota: inclusión del archivo:          C:\Program Files (x86)\Microsoft Visual Studio\2019\Community\VC\Tools\MSVC\14.28.29333\include\cstdlib
  Nota: inclusión del archivo:           C:\Program Files (x86)\Windows Kits\10\Include\10.0.18362.0\ucrt\math.h
  Nota: inclusión del archivo:            C:\Program Files (x86)\Windows Kits\10\Include\10.0.18362.0\ucrt\corecrt_math.h
  Nota: inclusión del archivo:           C:\Program Files (x86)\Windows Kits\10\Include\10.0.18362.0\ucrt\stdlib.h
  Nota: inclusión del archivo:            C:\Program Files (x86)\Windows Kits\10\Include\10.0.18362.0\ucrt\corecrt_malloc.h
  Nota: inclusión del archivo:            C:\Program Files (x86)\Windows Kits\10\Include\10.0.18362.0\ucrt\corecrt_search.h
  Nota: inclusión del archivo:             C:\Program Files (x86)\Windows Kits\10\Include\10.0.18362.0\ucrt\stddef.h
  Nota: inclusión del archivo:            C:\Program Files (x86)\Windows Kits\10\Include\10.0.18362.0\ucrt\corecrt_wstdlib.h
  Nota: inclusión del archivo:          C:\Program Files (x86)\Microsoft Visual Studio\2019\Community\VC\Tools\MSVC\14.28.29333\include\xtr1common
  Nota: inclusión del archivo:         C:\Program Files (x86)\Microsoft Visual Studio\2019\Community\VC\Tools\MSVC\14.28.29333\include\cstdio
  Nota: inclusión del archivo:          C:\Program Files (x86)\Windows Kits\10\Include\10.0.18362.0\ucrt\stdio.h
  Nota: inclusión del archivo:           C:\Program Files (x86)\Windows Kits\10\Include\10.0.18362.0\ucrt\corecrt_wstdio.h
  Nota: inclusión del archivo:            C:\Program Files (x86)\Windows Kits\10\Include\10.0.18362.0\ucrt\corecrt_stdio_config.h
  Nota: inclusión del archivo:         C:\Program Files (x86)\Microsoft Visual Studio\2019\Community\VC\Tools\MSVC\14.28.29333\include\iterator
  Nota: inclusión del archivo:          C:\Program Files (x86)\Microsoft Visual Studio\2019\Community\VC\Tools\MSVC\14.28.29333\include\iosfwd
  Nota: inclusión del archivo:           C:\Program Files (x86)\Microsoft Visual Studio\2019\Community\VC\Tools\MSVC\14.28.29333\include\cstring
  Nota: inclusión del archivo:            C:\Program Files (x86)\Windows Kits\10\Include\10.0.18362.0\ucrt\string.h
  Nota: inclusión del archivo:             C:\Program Files (x86)\Windows Kits\10\Include\10.0.18362.0\ucrt\corecrt_memory.h
  Nota: inclusión del archivo:              C:\Program Files (x86)\Windows Kits\10\Include\10.0.18362.0\ucrt\corecrt_memcpy_s.h
  Nota: inclusión del archivo:               C:\Program Files (x86)\Windows Kits\10\Include\10.0.18362.0\ucrt\errno.h
  Nota: inclusión del archivo:               C:\Program Files (x86)\Microsoft Visual Studio\2019\Community\VC\Tools\MSVC\14.28.29333\include\vcruntime_string.h
  Nota: inclusión del archivo:             C:\Program Files (x86)\Windows Kits\10\Include\10.0.18362.0\ucrt\corecrt_wstring.h
  Nota: inclusión del archivo:           C:\Program Files (x86)\Microsoft Visual Studio\2019\Community\VC\Tools\MSVC\14.28.29333\include\cwchar
  Nota: inclusión del archivo:            C:\Program Files (x86)\Windows Kits\10\Include\10.0.18362.0\ucrt\wchar.h
  Nota: inclusión del archivo:             C:\Program Files (x86)\Windows Kits\10\Include\10.0.18362.0\ucrt\corecrt_wconio.h
  Nota: inclusión del archivo:             C:\Program Files (x86)\Windows Kits\10\Include\10.0.18362.0\ucrt\corecrt_wctype.h
  Nota: inclusión del archivo:             C:\Program Files (x86)\Windows Kits\10\Include\10.0.18362.0\ucrt\corecrt_wdirect.h
  Nota: inclusión del archivo:             C:\Program Files (x86)\Windows Kits\10\Include\10.0.18362.0\ucrt\corecrt_wio.h
  Nota: inclusión del archivo:              C:\Program Files (x86)\Windows Kits\10\Include\10.0.18362.0\ucrt\corecrt_share.h
  Nota: inclusión del archivo:             C:\Program Files (x86)\Windows Kits\10\Include\10.0.18362.0\ucrt\corecrt_wprocess.h
  Nota: inclusión del archivo:             C:\Program Files (x86)\Windows Kits\10\Include\10.0.18362.0\ucrt\corecrt_wtime.h
  Nota: inclusión del archivo:             C:\Program Files (x86)\Windows Kits\10\Include\10.0.18362.0\ucrt\sys/stat.h
  Nota: inclusión del archivo:              C:\Program Files (x86)\Windows Kits\10\Include\10.0.18362.0\ucrt\sys/types.h
  Nota: inclusión del archivo:           C:\Program Files (x86)\Microsoft Visual Studio\2019\Community\VC\Tools\MSVC\14.28.29333\include\xstddef
  Nota: inclusión del archivo:            C:\Program Files (x86)\Microsoft Visual Studio\2019\Community\VC\Tools\MSVC\14.28.29333\include\cstddef
  Nota: inclusión del archivo:            C:\Program Files (x86)\Microsoft Visual Studio\2019\Community\VC\Tools\MSVC\14.28.29333\include\initializer_list
  Nota: inclusión del archivo:          C:\Program Files (x86)\Microsoft Visual Studio\2019\Community\VC\Tools\MSVC\14.28.29333\include\xutility
  Nota: inclusión del archivo:           C:\Program Files (x86)\Microsoft Visual Studio\2019\Community\VC\Tools\MSVC\14.28.29333\include\utility
  Nota: inclusión del archivo:            C:\Program Files (x86)\Microsoft Visual Studio\2019\Community\VC\Tools\MSVC\14.28.29333\include\type_traits
  Nota: inclusión del archivo:         C:\Program Files (x86)\Microsoft Visual Studio\2019\Community\VC\Tools\MSVC\14.28.29333\include\streambuf
  Nota: inclusión del archivo:          C:\Program Files (x86)\Microsoft Visual Studio\2019\Community\VC\Tools\MSVC\14.28.29333\include\xiosbase
  Nota: inclusión del archivo:           C:\Program Files (x86)\Windows Kits\10\Include\10.0.18362.0\ucrt\share.h
  Nota: inclusión del archivo:           C:\Program Files (x86)\Microsoft Visual Studio\2019\Community\VC\Tools\MSVC\14.28.29333\include\system_error
  Nota: inclusión del archivo:            C:\Program Files (x86)\Microsoft Visual Studio\2019\Community\VC\Tools\MSVC\14.28.29333\include\__msvc_system_error_abi.hpp
  Nota: inclusión del archivo:            C:\Program Files (x86)\Microsoft Visual Studio\2019\Community\VC\Tools\MSVC\14.28.29333\include\cerrno
  Nota: inclusión del archivo:            C:\Program Files (x86)\Microsoft Visual Studio\2019\Community\VC\Tools\MSVC\14.28.29333\include\stdexcept
  Nota: inclusión del archivo:             C:\Program Files (x86)\Microsoft Visual Studio\2019\Community\VC\Tools\MSVC\14.28.29333\include\exception
  Nota: inclusión del archivo:              C:\Program Files (x86)\Windows Kits\10\Include\10.0.18362.0\ucrt\malloc.h
  Nota: inclusión del archivo:              C:\Program Files (x86)\Microsoft Visual Studio\2019\Community\VC\Tools\MSVC\14.28.29333\include\vcruntime_exception.h
  Nota: inclusión del archivo:               C:\Program Files (x86)\Microsoft Visual Studio\2019\Community\VC\Tools\MSVC\14.28.29333\include\eh.h
  Nota: inclusión del archivo:                C:\Program Files (x86)\Windows Kits\10\Include\10.0.18362.0\ucrt\corecrt_terminate.h
  Nota: inclusión del archivo:             C:\Program Files (x86)\Microsoft Visual Studio\2019\Community\VC\Tools\MSVC\14.28.29333\include\xstring
  Nota: inclusión del archivo:              C:\Program Files (x86)\Microsoft Visual Studio\2019\Community\VC\Tools\MSVC\14.28.29333\include\xmemory
  Nota: inclusión del archivo:               C:\Program Files (x86)\Microsoft Visual Studio\2019\Community\VC\Tools\MSVC\14.28.29333\include\cstdint
  Nota: inclusión del archivo:                C:\Program Files (x86)\Microsoft Visual Studio\2019\Community\VC\Tools\MSVC\14.28.29333\include\stdint.h
  Nota: inclusión del archivo:               C:\Program Files (x86)\Microsoft Visual Studio\2019\Community\VC\Tools\MSVC\14.28.29333\include\limits
  Nota: inclusión del archivo:                C:\Program Files (x86)\Microsoft Visual Studio\2019\Community\VC\Tools\MSVC\14.28.29333\include\cfloat
  Nota: inclusión del archivo:                 C:\Program Files (x86)\Windows Kits\10\Include\10.0.18362.0\ucrt\float.h
  Nota: inclusión del archivo:                C:\Program Files (x86)\Microsoft Visual Studio\2019\Community\VC\Tools\MSVC\14.28.29333\include\intrin0.h
  Nota: inclusión del archivo:                C:\Program Files (x86)\Microsoft Visual Studio\2019\Community\VC\Tools\MSVC\14.28.29333\include\isa_availability.h
  Nota: inclusión del archivo:               C:\Program Files (x86)\Microsoft Visual Studio\2019\Community\VC\Tools\MSVC\14.28.29333\include\new
  Nota: inclusión del archivo:               C:\Program Files (x86)\Microsoft Visual Studio\2019\Community\VC\Tools\MSVC\14.28.29333\include\xatomic.h
  Nota: inclusión del archivo:            C:\Program Files (x86)\Microsoft Visual Studio\2019\Community\VC\Tools\MSVC\14.28.29333\include\xcall_once.h
  Nota: inclusión del archivo:            C:\Program Files (x86)\Microsoft Visual Studio\2019\Community\VC\Tools\MSVC\14.28.29333\include\xerrc.h
  Nota: inclusión del archivo:            C:\Program Files (x86)\Microsoft Visual Studio\2019\Community\VC\Tools\MSVC\14.28.29333\include\atomic
  Nota: inclusión del archivo:             C:\Program Files (x86)\Microsoft Visual Studio\2019\Community\VC\Tools\MSVC\14.28.29333\include\xthreads.h
  Nota: inclusión del archivo:              C:\Program Files (x86)\Microsoft Visual Studio\2019\Community\VC\Tools\MSVC\14.28.29333\include\xtimec.h
  Nota: inclusión del archivo:               C:\Program Files (x86)\Windows Kits\10\Include\10.0.18362.0\ucrt\time.h
  Nota: inclusión del archivo:           C:\Program Files (x86)\Microsoft Visual Studio\2019\Community\VC\Tools\MSVC\14.28.29333\include\xlocale
  Nota: inclusión del archivo:            C:\Program Files (x86)\Microsoft Visual Studio\2019\Community\VC\Tools\MSVC\14.28.29333\include\memory
  Nota: inclusión del archivo:             C:\Program Files (x86)\Microsoft Visual Studio\2019\Community\VC\Tools\MSVC\14.28.29333\include\typeinfo
  Nota: inclusión del archivo:              C:\Program Files (x86)\Microsoft Visual Studio\2019\Community\VC\Tools\MSVC\14.28.29333\include\vcruntime_typeinfo.h
  Nota: inclusión del archivo:            C:\Program Files (x86)\Microsoft Visual Studio\2019\Community\VC\Tools\MSVC\14.28.29333\include\xfacet
  Nota: inclusión del archivo:            C:\Program Files (x86)\Microsoft Visual Studio\2019\Community\VC\Tools\MSVC\14.28.29333\include\xlocinfo
  Nota: inclusión del archivo:             C:\Program Files (x86)\Microsoft Visual Studio\2019\Community\VC\Tools\MSVC\14.28.29333\include\xlocinfo.h
  Nota: inclusión del archivo:              C:\Program Files (x86)\Windows Kits\10\Include\10.0.18362.0\ucrt\ctype.h
  Nota: inclusión del archivo:              C:\Program Files (x86)\Windows Kits\10\Include\10.0.18362.0\ucrt\locale.h
  Nota: inclusión del archivo:   C:\Users\casti\Desktop\Universidad Politecnica de Madrid\Tercero\Informatica Industrial\Trabajo_Informatica-main\Tanques_v5\src\ObjetoMovil.h
  Nota: inclusión del archivo:    C:\Users\casti\Desktop\Universidad Politecnica de Madrid\Tercero\Informatica Industrial\Trabajo_Informatica-main\Tanques_v5\src\ColorRGB.h
  Nota: inclusión del archivo:     C:\Users\casti\Desktop\Universidad Politecnica de Madrid\Tercero\Informatica Industrial\Trabajo_Informatica-main\Tanques_v5\lib\freeglut.h
  Nota: inclusión del archivo:      C:\Program Files (x86)\Windows Kits\10\Include\10.0.18362.0\um\windows.h
  Nota: inclusión del archivo:       C:\Program Files (x86)\Windows Kits\10\Include\10.0.18362.0\shared\winapifamily.h
  Nota: inclusión del archivo:        C:\Program Files (x86)\Windows Kits\10\Include\10.0.18362.0\shared\winpackagefamily.h
  Nota: inclusión del archivo:       C:\Program Files (x86)\Windows Kits\10\Include\10.0.18362.0\shared\sdkddkver.h
  Nota: inclusión del archivo:       C:\Program Files (x86)\Microsoft Visual Studio\2019\Community\VC\Tools\MSVC\14.28.29333\include\excpt.h
  Nota: inclusión del archivo:       C:\Program Files (x86)\Microsoft Visual Studio\2019\Community\VC\Tools\MSVC\14.28.29333\include\stdarg.h
  Nota: inclusión del archivo:       C:\Program Files (x86)\Windows Kits\10\Include\10.0.18362.0\shared\windef.h
  Nota: inclusión del archivo:        C:\Program Files (x86)\Windows Kits\10\Include\10.0.18362.0\shared\minwindef.h
  Nota: inclusión del archivo:         C:\Program Files (x86)\Windows Kits\10\Include\10.0.18362.0\shared\specstrings.h
  Nota: inclusión del archivo:          C:\Program Files (x86)\Windows Kits\10\Include\10.0.18362.0\shared\specstrings_strict.h
  Nota: inclusión del archivo:           C:\Program Files (x86)\Windows Kits\10\Include\10.0.18362.0\shared\specstrings_undef.h
  Nota: inclusión del archivo:          C:\Program Files (x86)\Windows Kits\10\Include\10.0.18362.0\shared\driverspecs.h
  Nota: inclusión del archivo:           C:\Program Files (x86)\Windows Kits\10\Include\10.0.18362.0\shared\sdv_driverspecs.h
  Nota: inclusión del archivo:         C:\Program Files (x86)\Windows Kits\10\Include\10.0.18362.0\um\winnt.h
  Nota: inclusión del archivo:          C:\Program Files (x86)\Windows Kits\10\Include\10.0.18362.0\shared\kernelspecs.h
  Nota: inclusión del archivo:          C:\Program Files (x86)\Windows Kits\10\Include\10.0.18362.0\shared\basetsd.h
  Nota: inclusión del archivo:          C:\Program Files (x86)\Windows Kits\10\Include\10.0.18362.0\shared\guiddef.h
  Nota: inclusión del archivo:          C:\Program Files (x86)\Windows Kits\10\Include\10.0.18362.0\shared\pshpack4.h
  Nota: inclusión del archivo:          C:\Program Files (x86)\Windows Kits\10\Include\10.0.18362.0\shared\poppack.h
  Nota: inclusión del archivo:          C:\Program Files (x86)\Windows Kits\10\Include\10.0.18362.0\shared\pshpack4.h
  Nota: inclusión del archivo:          C:\Program Files (x86)\Windows Kits\10\Include\10.0.18362.0\shared\poppack.h
  Nota: inclusión del archivo:          C:\Program Files (x86)\Windows Kits\10\Include\10.0.18362.0\shared\pshpack4.h
  Nota: inclusión del archivo:          C:\Program Files (x86)\Windows Kits\10\Include\10.0.18362.0\shared\pshpack2.h
  Nota: inclusión del archivo:          C:\Program Files (x86)\Windows Kits\10\Include\10.0.18362.0\shared\poppack.h
  Nota: inclusión del archivo:          C:\Program Files (x86)\Windows Kits\10\Include\10.0.18362.0\shared\pshpack2.h
  Nota: inclusión del archivo:          C:\Program Files (x86)\Windows Kits\10\Include\10.0.18362.0\shared\pshpack2.h
  Nota: inclusión del archivo:          C:\Program Files (x86)\Windows Kits\10\Include\10.0.18362.0\shared\poppack.h
  Nota: inclusión del archivo:          C:\Program Files (x86)\Windows Kits\10\Include\10.0.18362.0\shared\poppack.h
  Nota: inclusión del archivo:          C:\Program Files (x86)\Windows Kits\10\Include\10.0.18362.0\shared\pshpack8.h
  Nota: inclusión del archivo:          C:\Program Files (x86)\Windows Kits\10\Include\10.0.18362.0\shared\poppack.h
  Nota: inclusión del archivo:          C:\Program Files (x86)\Windows Kits\10\Include\10.0.18362.0\shared\pshpack1.h
  Nota: inclusión del archivo:          C:\Program Files (x86)\Windows Kits\10\Include\10.0.18362.0\shared\poppack.h
  Nota: inclusión del archivo:          C:\Program Files (x86)\Windows Kits\10\Include\10.0.18362.0\shared\pshpack1.h
  Nota: inclusión del archivo:          C:\Program Files (x86)\Windows Kits\10\Include\10.0.18362.0\shared\poppack.h
  Nota: inclusión del archivo:          C:\Program Files (x86)\Windows Kits\10\Include\10.0.18362.0\shared\poppack.h
  Nota: inclusión del archivo:          C:\Program Files (x86)\Windows Kits\10\Include\10.0.18362.0\shared\apiset.h
  Nota: inclusión del archivo:          C:\Program Files (x86)\Windows Kits\10\Include\10.0.18362.0\shared\ktmtypes.h
  Nota: inclusión del archivo:       C:\Program Files (x86)\Windows Kits\10\Include\10.0.18362.0\um\winbase.h
  Nota: inclusión del archivo:        C:\Program Files (x86)\Windows Kits\10\Include\10.0.18362.0\shared\apisetcconv.h
  Nota: inclusión del archivo:        C:\Program Files (x86)\Windows Kits\10\Include\10.0.18362.0\um\minwinbase.h
  Nota: inclusión del archivo:        C:\Program Files (x86)\Windows Kits\10\Include\10.0.18362.0\um\apiquery2.h
  Nota: inclusión del archivo:        C:\Program Files (x86)\Windows Kits\10\Include\10.0.18362.0\um\processenv.h
  Nota: inclusión del archivo:        C:\Program Files (x86)\Windows Kits\10\Include\10.0.18362.0\um\fileapifromapp.h
  Nota: inclusión del archivo:         C:\Program Files (x86)\Windows Kits\10\Include\10.0.18362.0\um\fileapi.h
  Nota: inclusión del archivo:        C:\Program Files (x86)\Windows Kits\10\Include\10.0.18362.0\um\debugapi.h
  Nota: inclusión del archivo:        C:\Program Files (x86)\Windows Kits\10\Include\10.0.18362.0\um\utilapiset.h
  Nota: inclusión del archivo:        C:\Program Files (x86)\Windows Kits\10\Include\10.0.18362.0\um\handleapi.h
  Nota: inclusión del archivo:        C:\Program Files (x86)\Windows Kits\10\Include\10.0.18362.0\um\errhandlingapi.h
  Nota: inclusión del archivo:        C:\Program Files (x86)\Windows Kits\10\Include\10.0.18362.0\um\fibersapi.h
  Nota: inclusión del archivo:        C:\Program Files (x86)\Windows Kits\10\Include\10.0.18362.0\um\namedpipeapi.h
  Nota: inclusión del archivo:        C:\Program Files (x86)\Windows Kits\10\Include\10.0.18362.0\um\profileapi.h
  Nota: inclusión del archivo:        C:\Program Files (x86)\Windows Kits\10\Include\10.0.18362.0\um\heapapi.h
  Nota: inclusión del archivo:        C:\Program Files (x86)\Windows Kits\10\Include\10.0.18362.0\um\ioapiset.h
  Nota: inclusión del archivo:        C:\Program Files (x86)\Windows Kits\10\Include\10.0.18362.0\um\synchapi.h
  Nota: inclusión del archivo:        C:\Program Files (x86)\Windows Kits\10\Include\10.0.18362.0\um\interlockedapi.h
  Nota: inclusión del archivo:        C:\Program Files (x86)\Windows Kits\10\Include\10.0.18362.0\um\processthreadsapi.h
  Nota: inclusión del archivo:        C:\Program Files (x86)\Windows Kits\10\Include\10.0.18362.0\um\sysinfoapi.h
  Nota: inclusión del archivo:        C:\Program Files (x86)\Windows Kits\10\Include\10.0.18362.0\um\memoryapi.h
  Nota: inclusión del archivo:        C:\Program Files (x86)\Windows Kits\10\Include\10.0.18362.0\um\enclaveapi.h
  Nota: inclusión del archivo:        C:\Program Files (x86)\Windows Kits\10\Include\10.0.18362.0\um\threadpoollegacyapiset.h
  Nota: inclusión del archivo:        C:\Program Files (x86)\Windows Kits\10\Include\10.0.18362.0\um\threadpoolapiset.h
  Nota: inclusión del archivo:        C:\Program Files (x86)\Windows Kits\10\Include\10.0.18362.0\um\jobapi.h
  Nota: inclusión del archivo:        C:\Program Files (x86)\Windows Kits\10\Include\10.0.18362.0\um\jobapi2.h
  Nota: inclusión del archivo:        C:\Program Files (x86)\Windows Kits\10\Include\10.0.18362.0\um\wow64apiset.h
  Nota: inclusión del archivo:        C:\Program Files (x86)\Windows Kits\10\Include\10.0.18362.0\um\libloaderapi.h
  Nota: inclusión del archivo:        C:\Program Files (x86)\Windows Kits\10\Include\10.0.18362.0\um\securitybaseapi.h
  Nota: inclusión del archivo:        C:\Program Files (x86)\Windows Kits\10\Include\10.0.18362.0\um\namespaceapi.h
  Nota: inclusión del archivo:        C:\Program Files (x86)\Windows Kits\10\Include\10.0.18362.0\um\systemtopologyapi.h
  Nota: inclusión del archivo:        C:\Program Files (x86)\Windows Kits\10\Include\10.0.18362.0\um\processtopologyapi.h
  Nota: inclusión del archivo:        C:\Program Files (x86)\Windows Kits\10\Include\10.0.18362.0\um\securityappcontainer.h
  Nota: inclusión del archivo:        C:\Program Files (x86)\Windows Kits\10\Include\10.0.18362.0\um\realtimeapiset.h
  Nota: inclusión del archivo:        C:\Program Files (x86)\Windows Kits\10\Include\10.0.18362.0\shared\winerror.h
  Nota: inclusión del archivo:        C:\Program Files (x86)\Windows Kits\10\Include\10.0.18362.0\um\timezoneapi.h
  Nota: inclusión del archivo:       C:\Program Files (x86)\Windows Kits\10\Include\10.0.18362.0\um\wingdi.h
  Nota: inclusión del archivo:        C:\Program Files (x86)\Windows Kits\10\Include\10.0.18362.0\shared\pshpack1.h
  Nota: inclusión del archivo:        C:\Program Files (x86)\Windows Kits\10\Include\10.0.18362.0\shared\poppack.h
  Nota: inclusión del archivo:        C:\Program Files (x86)\Windows Kits\10\Include\10.0.18362.0\shared\pshpack2.h
  Nota: inclusión del archivo:        C:\Program Files (x86)\Windows Kits\10\Include\10.0.18362.0\shared\poppack.h
  Nota: inclusión del archivo:        C:\Program Files (x86)\Windows Kits\10\Include\10.0.18362.0\shared\pshpack2.h
  Nota: inclusión del archivo:        C:\Program Files (x86)\Windows Kits\10\Include\10.0.18362.0\shared\poppack.h
  Nota: inclusión del archivo:        C:\Program Files (x86)\Windows Kits\10\Include\10.0.18362.0\shared\pshpack4.h
  Nota: inclusión del archivo:        C:\Program Files (x86)\Windows Kits\10\Include\10.0.18362.0\shared\poppack.h
  Nota: inclusión del archivo:        C:\Program Files (x86)\Windows Kits\10\Include\10.0.18362.0\shared\pshpack4.h
  Nota: inclusión del archivo:        C:\Program Files (x86)\Windows Kits\10\Include\10.0.18362.0\shared\poppack.h
  Nota: inclusión del archivo:       C:\Program Files (x86)\Windows Kits\10\Include\10.0.18362.0\um\winuser.h
  Nota: inclusión del archivo:        C:\Program Files (x86)\Windows Kits\10\Include\10.0.18362.0\shared\pshpack2.h
  Nota: inclusión del archivo:        C:\Program Files (x86)\Windows Kits\10\Include\10.0.18362.0\shared\poppack.h
  Nota: inclusión del archivo:        C:\Program Files (x86)\Windows Kits\10\Include\10.0.18362.0\shared\tvout.h
  Nota: inclusión del archivo:       C:\Program Files (x86)\Windows Kits\10\Include\10.0.18362.0\um\winnls.h
  Nota: inclusión del archivo:        C:\Program Files (x86)\Windows Kits\10\Include\10.0.18362.0\um\datetimeapi.h
  Nota: inclusión del archivo:        C:\Program Files (x86)\Windows Kits\10\Include\10.0.18362.0\um\stringapiset.h
  Nota: inclusión del archivo:         C:\Program Files (x86)\Windows Kits\10\Include\10.0.18362.0\um\winnls.h
  Nota: inclusión del archivo:       C:\Program Files (x86)\Windows Kits\10\Include\10.0.18362.0\um\wincon.h
  Nota: inclusión del archivo:        C:\Program Files (x86)\Windows Kits\10\Include\10.0.18362.0\um\wincontypes.h
  Nota: inclusión del archivo:        C:\Program Files (x86)\Windows Kits\10\Include\10.0.18362.0\um\consoleapi.h
  Nota: inclusión del archivo:        C:\Program Files (x86)\Windows Kits\10\Include\10.0.18362.0\um\consoleapi2.h
  Nota: inclusión del archivo:        C:\Program Files (x86)\Windows Kits\10\Include\10.0.18362.0\um\consoleapi3.h
  Nota: inclusión del archivo:       C:\Program Files (x86)\Windows Kits\10\Include\10.0.18362.0\um\winver.h
  Nota: inclusión del archivo:        C:\Program Files (x86)\Windows Kits\10\Include\10.0.18362.0\um\verrsrc.h
  Nota: inclusión del archivo:       C:\Program Files (x86)\Windows Kits\10\Include\10.0.18362.0\um\winreg.h
  Nota: inclusión del archivo:        C:\Program Files (x86)\Windows Kits\10\Include\10.0.18362.0\um\reason.h
  Nota: inclusión del archivo:       C:\Program Files (x86)\Windows Kits\10\Include\10.0.18362.0\um\winnetwk.h
  Nota: inclusión del archivo:        C:\Program Files (x86)\Windows Kits\10\Include\10.0.18362.0\shared\wnnc.h
  Nota: inclusión del archivo:       C:\Program Files (x86)\Windows Kits\10\Include\10.0.18362.0\shared\stralign.h
  Nota: inclusión del archivo:       C:\Program Files (x86)\Windows Kits\10\Include\10.0.18362.0\um\winsvc.h
  Nota: inclusión del archivo:       C:\Program Files (x86)\Windows Kits\10\Include\10.0.18362.0\um\mcx.h
  Nota: inclusión del archivo:       C:\Program Files (x86)\Windows Kits\10\Include\10.0.18362.0\um\imm.h
  Nota: inclusión del archivo:        C:\Program Files (x86)\Windows Kits\10\Include\10.0.18362.0\um\ime_cmodes.h
  Nota: inclusión del archivo:      C:\Program Files (x86)\Windows Kits\10\Include\10.0.18362.0\um\GL/gl.h
  Nota: inclusión del archivo:      C:\Program Files (x86)\Windows Kits\10\Include\10.0.18362.0\um\GL/glu.h
  Nota: inclusión del archivo:  C:\Users\casti\Desktop\Universidad Politecnica de Madrid\Tercero\Informatica Industrial\Trabajo_Informatica-main\Tanques_v5\src\inputstates.h
  Nota: inclusión del archivo:  C:\Users\casti\Desktop\Universidad Politecnica de Madrid\Tercero\Informatica Industrial\Trabajo_Informatica-main\Tanques_v5\src\camera.h
C:\Users\casti\Desktop\Universidad Politecnica de Madrid\Tercero\Informatica Industrial\Trabajo_Informatica-main\Tanques_v5\src\camera.h(4,10): warning C4305: 'inicializando': truncamiento de 'double' a 'float'
  Nota: inclusión del archivo:  C:\Users\casti\Desktop\Universidad Politecnica de Madrid\Tercero\Informatica Industrial\Trabajo_Informatica-main\Tanques_v5\src\Suelo.h
  Nota: inclusión del archivo:   C:\Users\casti\Desktop\Universidad Politecnica de Madrid\Tercero\Informatica Industrial\Trabajo_Informatica-main\Tanques_v5\src\ObjetoFijo.h
  Nota: inclusión del archivo:  C:\Users\casti\Desktop\Universidad Politecnica de Madrid\Tercero\Informatica Industrial\Trabajo_Informatica-main\Tanques_v5\src\Interaction.h
  Nota: inclusión del archivo:   C:\Users\casti\Desktop\Universidad Politecnica de Madrid\Tercero\Informatica Industrial\Trabajo_Informatica-main\Tanques_v5\src\Pared.h
  Nota: inclusión del archivo:   C:\Users\casti\Desktop\Universidad Politecnica de Madrid\Tercero\Informatica Industrial\Trabajo_Informatica-main\Tanques_v5\src\Disparo.h
  Nota: inclusión del archivo:  C:\Users\casti\Desktop\Universidad Politecnica de Madrid\Tercero\Informatica Industrial\Trabajo_Informatica-main\Tanques_v5\src\Lista.h
  Nota: inclusión del archivo: C:\Program Files (x86)\Windows Kits\10\Include\10.0.18362.0\ucrt\math.h
  Nota: inclusión del archivo: C:\Users\casti\Desktop\Universidad Politecnica de Madrid\Tercero\Informatica Industrial\Trabajo_Informatica-main\Tanques_v5\lib\ETSIDI.h
C:\Users\casti\Desktop\Universidad Politecnica de Madrid\Tercero\Informatica Industrial\Trabajo_Informatica-main\Tanques_v5\src\mundo.cpp(70,73): warning C4804: '<=': uso no seguro del tipo 'bool' en la operación
C:\Users\casti\Desktop\Universidad Politecnica de Madrid\Tercero\Informatica Industrial\Trabajo_Informatica-main\Tanques_v5\src\mundo.cpp(79,74): warning C4804: '<=': uso no seguro del tipo 'bool' en la operación
C:\Users\casti\Desktop\Universidad Politecnica de Madrid\Tercero\Informatica Industrial\Trabajo_Informatica-main\Tanques_v5\src\mundo.cpp(103,57): warning C4244: 'argumento': conversión de 'double' a 'float'; posible pérdida de datos
C:\Users\casti\Desktop\Universidad Politecnica de Madrid\Tercero\Informatica Industrial\Trabajo_Informatica-main\Tanques_v5\src\mundo.cpp(108,116): warning C4305: 'argumento': truncamiento de 'double' a 'float'
C:\Users\casti\Desktop\Universidad Politecnica de Madrid\Tercero\Informatica Industrial\Trabajo_Informatica-main\Tanques_v5\src\mundo.cpp(109,63): warning C4305: 'argumento': truncamiento de 'double' a 'float'
C:\Users\casti\Desktop\Universidad Politecnica de Madrid\Tercero\Informatica Industrial\Trabajo_Informatica-main\Tanques_v5\src\mundo.cpp(161,67): warning C4305: 'argumento': truncamiento de 'double' a 'float'
C:\Users\casti\Desktop\Universidad Politecnica de Madrid\Tercero\Informatica Industrial\Trabajo_Informatica-main\Tanques_v5\src\mundo.cpp(164,68): warning C4244: 'argumento': conversión de 'int' a 'float'; posible pérdida de datos
C:\Users\casti\Desktop\Universidad Politecnica de Madrid\Tercero\Informatica Industrial\Trabajo_Informatica-main\Tanques_v5\src\mundo.cpp(168,36): warning C4244: 'argumento': conversión de 'int' a 'float'; posible pérdida de datos
C:\Users\casti\Desktop\Universidad Politecnica de Madrid\Tercero\Informatica Industrial\Trabajo_Informatica-main\Tanques_v5\src\mundo.cpp(168,45): warning C4305: 'argumento': truncamiento de 'double' a 'float'
C:\Users\casti\Desktop\Universidad Politecnica de Madrid\Tercero\Informatica Industrial\Trabajo_Informatica-main\Tanques_v5\src\mundo.cpp(168,19): warning C4244: 'argumento': conversión de 'int' a 'float'; posible pérdida de datos
C:\Users\casti\Desktop\Universidad Politecnica de Madrid\Tercero\Informatica Industrial\Trabajo_Informatica-main\Tanques_v5\src\mundo.cpp(170,64): warning C4305: 'argumento': truncamiento de 'double' a 'float'
C:\Users\casti\Desktop\Universidad Politecnica de Madrid\Tercero\Informatica Industrial\Trabajo_Informatica-main\Tanques_v5\src\mundo.cpp(171,28): warning C4305: 'argumento': truncamiento de 'double' a 'float'
C:\Users\casti\Desktop\Universidad Politecnica de Madrid\Tercero\Informatica Industrial\Trabajo_Informatica-main\Tanques_v5\src\mundo.cpp(177,68): warning C4244: 'argumento': conversión de 'int' a 'float'; posible pérdida de datos
C:\Users\casti\Desktop\Universidad Politecnica de Madrid\Tercero\Informatica Industrial\Trabajo_Informatica-main\Tanques_v5\src\mundo.cpp(181,36): warning C4244: 'argumento': conversión de 'int' a 'float'; posible pérdida de datos
C:\Users\casti\Desktop\Universidad Politecnica de Madrid\Tercero\Informatica Industrial\Trabajo_Informatica-main\Tanques_v5\src\mundo.cpp(181,45): warning C4305: 'argumento': truncamiento de 'double' a 'float'
C:\Users\casti\Desktop\Universidad Politecnica de Madrid\Tercero\Informatica Industrial\Trabajo_Informatica-main\Tanques_v5\src\mundo.cpp(181,19): warning C4244: 'argumento': conversión de 'int' a 'float'; posible pérdida de datos
C:\Users\casti\Desktop\Universidad Politecnica de Madrid\Tercero\Informatica Industrial\Trabajo_Informatica-main\Tanques_v5\src\mundo.cpp(183,64): warning C4305: 'argumento': truncamiento de 'double' a 'float'
C:\Users\casti\Desktop\Universidad Politecnica de Madrid\Tercero\Informatica Industrial\Trabajo_Informatica-main\Tanques_v5\src\mundo.cpp(190,68): warning C4244: 'argumento': conversión de 'int' a 'float'; posible pérdida de datos
C:\Users\casti\Desktop\Universidad Politecnica de Madrid\Tercero\Informatica Industrial\Trabajo_Informatica-main\Tanques_v5\src\mundo.cpp(194,36): warning C4244: 'argumento': conversión de 'int' a 'float'; posible pérdida de datos
C:\Users\casti\Desktop\Universidad Politecnica de Madrid\Tercero\Informatica Industrial\Trabajo_Informatica-main\Tanques_v5\src\mundo.cpp(194,45): warning C4305: 'argumento': truncamiento de 'double' a 'float'
C:\Users\casti\Desktop\Universidad Politecnica de Madrid\Tercero\Informatica Industrial\Trabajo_Informatica-main\Tanques_v5\src\mundo.cpp(194,19): warning C4244: 'argumento': conversión de 'int' a 'float'; posible pérdida de datos
C:\Users\casti\Desktop\Universidad Politecnica de Madrid\Tercero\Informatica Industrial\Trabajo_Informatica-main\Tanques_v5\src\mundo.cpp(196,64): warning C4305: 'argumento': truncamiento de 'double' a 'float'
C:\Users\casti\Desktop\Universidad Politecnica de Madrid\Tercero\Informatica Industrial\Trabajo_Informatica-main\Tanques_v5\src\mundo.cpp(203,68): warning C4244: 'argumento': conversión de 'int' a 'float'; posible pérdida de datos
C:\Users\casti\Desktop\Universidad Politecnica de Madrid\Tercero\Informatica Industrial\Trabajo_Informatica-main\Tanques_v5\src\mundo.cpp(207,36): warning C4244: 'argumento': conversión de 'int' a 'float'; posible pérdida de datos
C:\Users\casti\Desktop\Universidad Politecnica de Madrid\Tercero\Informatica Industrial\Trabajo_Informatica-main\Tanques_v5\src\mundo.cpp(207,45): warning C4305: 'argumento': truncamiento de 'double' a 'float'
C:\Users\casti\Desktop\Universidad Politecnica de Madrid\Tercero\Informatica Industrial\Trabajo_Informatica-main\Tanques_v5\src\mundo.cpp(207,19): warning C4244: 'argumento': conversión de 'int' a 'float'; posible pérdida de datos
C:\Users\casti\Desktop\Universidad Politecnica de Madrid\Tercero\Informatica Industrial\Trabajo_Informatica-main\Tanques_v5\src\mundo.cpp(209,64): warning C4305: 'argumento': truncamiento de 'double' a 'float'
C:\Users\casti\Desktop\Universidad Politecnica de Madrid\Tercero\Informatica Industrial\Trabajo_Informatica-main\Tanques_v5\src\mundo.cpp(216,68): warning C4244: 'argumento': conversión de 'int' a 'float'; posible pérdida de datos
C:\Users\casti\Desktop\Universidad Politecnica de Madrid\Tercero\Informatica Industrial\Trabajo_Informatica-main\Tanques_v5\src\mundo.cpp(220,69): warning C4244: 'argumento': conversión de 'int' a 'float'; posible pérdida de datos
C:\Users\casti\Desktop\Universidad Politecnica de Madrid\Tercero\Informatica Industrial\Trabajo_Informatica-main\Tanques_v5\src\mundo.cpp(224,70): warning C4244: 'argumento': conversión de 'int' a 'float'; posible pérdida de datos
C:\Users\casti\Desktop\Universidad Politecnica de Madrid\Tercero\Informatica Industrial\Trabajo_Informatica-main\Tanques_v5\src\mundo.cpp(148,15): warning C4996: 'fopen': This function or variable may be unsafe. Consider using fopen_s instead. To disable deprecation, use _CRT_SECURE_NO_WARNINGS. See online help for details.
C:\Users\casti\Desktop\Universidad Politecnica de Madrid\Tercero\Informatica Industrial\Trabajo_Informatica-main\Tanques_v5\src\mundo.cpp(159,4): warning C4996: 'fscanf': This function or variable may be unsafe. Consider using fscanf_s instead. To disable deprecation, use _CRT_SECURE_NO_WARNINGS. See online help for details.
  Pang.vcxproj -> C:\Users\casti\Desktop\Universidad Politecnica de Madrid\Tercero\Informatica Industrial\Trabajo_Informatica-main\Tanques_v5\bin\juegaso.exe
