  Pang.cpp
  Nota: inclusión del archivo: C:\Program Files (x86)\Microsoft Visual Studio\2019\Community\VC\Tools\MSVC\14.28.29333\atlmfc\include\afx.h
  Nota: inclusión del archivo:  C:\Program Files (x86)\Windows Kits\10\Include\10.0.18362.0\ucrt\new.h
  Nota: inclusión del archivo:   C:\Program Files (x86)\Windows Kits\10\Include\10.0.18362.0\ucrt\corecrt.h
  Nota: inclusión del archivo:    C:\Program Files (x86)\Microsoft Visual Studio\2019\Community\VC\Tools\MSVC\14.28.29333\include\vcruntime.h
  Nota: inclusión del archivo:     C:\Program Files (x86)\Microsoft Visual Studio\2019\Community\VC\Tools\MSVC\14.28.29333\include\sal.h
  Nota: inclusión del archivo:      C:\Program Files (x86)\Microsoft Visual Studio\2019\Community\VC\Tools\MSVC\14.28.29333\include\concurrencysal.h
  Nota: inclusión del archivo:     C:\Program Files (x86)\Microsoft Visual Studio\2019\Community\VC\Tools\MSVC\14.28.29333\include\vadefs.h
  Nota: inclusión del archivo:   C:\Program Files (x86)\Microsoft Visual Studio\2019\Community\VC\Tools\MSVC\14.28.29333\include\vcruntime_new_debug.h
  Nota: inclusión del archivo:    C:\Program Files (x86)\Microsoft Visual Studio\2019\Community\VC\Tools\MSVC\14.28.29333\include\vcruntime_new.h
  Nota: inclusión del archivo:   C:\Program Files (x86)\Microsoft Visual Studio\2019\Community\VC\Tools\MSVC\14.28.29333\include\crtdefs.h
  Nota: inclusión del archivo:  C:\Program Files (x86)\Microsoft Visual Studio\2019\Community\VC\Tools\MSVC\14.28.29333\atlmfc\include\afxver_.h
  Nota: inclusión del archivo:   C:\Program Files (x86)\Microsoft Visual Studio\2019\Community\VC\Tools\MSVC\14.28.29333\atlmfc\include\afxv_w32.h
  Nota: inclusión del archivo:    C:\Program Files (x86)\Windows Kits\10\Include\10.0.18362.0\um\winsdkver.h
  Nota: inclusión del archivo:     C:\Program Files (x86)\Windows Kits\10\Include\10.0.18362.0\shared\winapifamily.h
  Nota: inclusión del archivo:      C:\Program Files (x86)\Windows Kits\10\Include\10.0.18362.0\shared\winpackagefamily.h
  _WIN32_WINNT not defined. Defaulting to _WIN32_WINNT_MAXVER (see WinSDKVer.h)
  Nota: inclusión del archivo:    C:\Program Files (x86)\Windows Kits\10\Include\10.0.18362.0\shared\sdkddkver.h
  Nota: inclusión del archivo:    C:\Program Files (x86)\Windows Kits\10\Include\10.0.18362.0\um\Windows.h
  Nota: inclusión del archivo:     C:\Program Files (x86)\Microsoft Visual Studio\2019\Community\VC\Tools\MSVC\14.28.29333\include\excpt.h
  Nota: inclusión del archivo:     C:\Program Files (x86)\Microsoft Visual Studio\2019\Community\VC\Tools\MSVC\14.28.29333\include\stdarg.h
  Nota: inclusión del archivo:     C:\Program Files (x86)\Windows Kits\10\Include\10.0.18362.0\shared\windef.h
  Nota: inclusión del archivo:      C:\Program Files (x86)\Windows Kits\10\Include\10.0.18362.0\shared\minwindef.h
  Nota: inclusión del archivo:       C:\Program Files (x86)\Windows Kits\10\Include\10.0.18362.0\shared\specstrings.h
  Nota: inclusión del archivo:        C:\Program Files (x86)\Windows Kits\10\Include\10.0.18362.0\shared\specstrings_strict.h
  Nota: inclusión del archivo:         C:\Program Files (x86)\Windows Kits\10\Include\10.0.18362.0\shared\specstrings_undef.h
  Nota: inclusión del archivo:        C:\Program Files (x86)\Windows Kits\10\Include\10.0.18362.0\shared\driverspecs.h
  Nota: inclusión del archivo:         C:\Program Files (x86)\Windows Kits\10\Include\10.0.18362.0\shared\sdv_driverspecs.h
  Nota: inclusión del archivo:       C:\Program Files (x86)\Windows Kits\10\Include\10.0.18362.0\um\winnt.h
  Nota: inclusión del archivo:        C:\Program Files (x86)\Windows Kits\10\Include\10.0.18362.0\ucrt\ctype.h
  Nota: inclusión del archivo:         C:\Program Files (x86)\Windows Kits\10\Include\10.0.18362.0\ucrt\corecrt_wctype.h
  Nota: inclusión del archivo:        C:\Program Files (x86)\Windows Kits\10\Include\10.0.18362.0\shared\kernelspecs.h
  Nota: inclusión del archivo:        C:\Program Files (x86)\Windows Kits\10\Include\10.0.18362.0\shared\basetsd.h
  Nota: inclusión del archivo:        C:\Program Files (x86)\Windows Kits\10\Include\10.0.18362.0\shared\guiddef.h
  Nota: inclusión del archivo:         C:\Program Files (x86)\Windows Kits\10\Include\10.0.18362.0\ucrt\string.h
  Nota: inclusión del archivo:          C:\Program Files (x86)\Windows Kits\10\Include\10.0.18362.0\ucrt\corecrt_memory.h
  Nota: inclusión del archivo:           C:\Program Files (x86)\Windows Kits\10\Include\10.0.18362.0\ucrt\corecrt_memcpy_s.h
  Nota: inclusión del archivo:            C:\Program Files (x86)\Windows Kits\10\Include\10.0.18362.0\ucrt\errno.h
  Nota: inclusión del archivo:            C:\Program Files (x86)\Microsoft Visual Studio\2019\Community\VC\Tools\MSVC\14.28.29333\include\vcruntime_string.h
  Nota: inclusión del archivo:          C:\Program Files (x86)\Windows Kits\10\Include\10.0.18362.0\ucrt\corecrt_wstring.h
  Nota: inclusión del archivo:        C:\Program Files (x86)\Windows Kits\10\Include\10.0.18362.0\shared\pshpack4.h
  Nota: inclusión del archivo:        C:\Program Files (x86)\Windows Kits\10\Include\10.0.18362.0\shared\poppack.h
  Nota: inclusión del archivo:        C:\Program Files (x86)\Windows Kits\10\Include\10.0.18362.0\shared\pshpack4.h
  Nota: inclusión del archivo:        C:\Program Files (x86)\Windows Kits\10\Include\10.0.18362.0\shared\poppack.h
  Nota: inclusión del archivo:        C:\Program Files (x86)\Windows Kits\10\Include\10.0.18362.0\shared\pshpack4.h
  Nota: inclusión del archivo:        C:\Program Files (x86)\Windows Kits\10\Include\10.0.18362.0\shared\pshpack2.h
  Nota: inclusión del archivo:        C:\Program Files (x86)\Windows Kits\10\Include\10.0.18362.0\shared\poppack.h
  Nota: inclusión del archivo:        C:\Program Files (x86)\Windows Kits\10\Include\10.0.18362.0\shared\pshpack2.h
  Nota: inclusión del archivo:        C:\Program Files (x86)\Windows Kits\10\Include\10.0.18362.0\shared\pshpack2.h
  Nota: inclusión del archivo:        C:\Program Files (x86)\Windows Kits\10\Include\10.0.18362.0\shared\poppack.h
  Nota: inclusión del archivo:        C:\Program Files (x86)\Windows Kits\10\Include\10.0.18362.0\shared\poppack.h
  Nota: inclusión del archivo:        C:\Program Files (x86)\Windows Kits\10\Include\10.0.18362.0\shared\pshpack8.h
  Nota: inclusión del archivo:        C:\Program Files (x86)\Windows Kits\10\Include\10.0.18362.0\shared\poppack.h
  Nota: inclusión del archivo:        C:\Program Files (x86)\Windows Kits\10\Include\10.0.18362.0\shared\pshpack1.h
  Nota: inclusión del archivo:        C:\Program Files (x86)\Windows Kits\10\Include\10.0.18362.0\shared\poppack.h
  Nota: inclusión del archivo:        C:\Program Files (x86)\Windows Kits\10\Include\10.0.18362.0\shared\pshpack1.h
  Nota: inclusión del archivo:        C:\Program Files (x86)\Windows Kits\10\Include\10.0.18362.0\shared\poppack.h
  Nota: inclusión del archivo:        C:\Program Files (x86)\Windows Kits\10\Include\10.0.18362.0\shared\poppack.h
  Nota: inclusión del archivo:        C:\Program Files (x86)\Windows Kits\10\Include\10.0.18362.0\shared\apiset.h
  Nota: inclusión del archivo:        C:\Program Files (x86)\Windows Kits\10\Include\10.0.18362.0\shared\ktmtypes.h
  Nota: inclusión del archivo:     C:\Program Files (x86)\Windows Kits\10\Include\10.0.18362.0\um\winbase.h
  Nota: inclusión del archivo:      C:\Program Files (x86)\Windows Kits\10\Include\10.0.18362.0\shared\apisetcconv.h
  Nota: inclusión del archivo:      C:\Program Files (x86)\Windows Kits\10\Include\10.0.18362.0\um\minwinbase.h
  Nota: inclusión del archivo:      C:\Program Files (x86)\Windows Kits\10\Include\10.0.18362.0\um\apiquery2.h
  Nota: inclusión del archivo:      C:\Program Files (x86)\Windows Kits\10\Include\10.0.18362.0\um\processenv.h
  Nota: inclusión del archivo:      C:\Program Files (x86)\Windows Kits\10\Include\10.0.18362.0\um\fileapifromapp.h
  Nota: inclusión del archivo:       C:\Program Files (x86)\Windows Kits\10\Include\10.0.18362.0\um\fileapi.h
  Nota: inclusión del archivo:      C:\Program Files (x86)\Windows Kits\10\Include\10.0.18362.0\um\debugapi.h
  Nota: inclusión del archivo:      C:\Program Files (x86)\Windows Kits\10\Include\10.0.18362.0\um\utilapiset.h
  Nota: inclusión del archivo:      C:\Program Files (x86)\Windows Kits\10\Include\10.0.18362.0\um\handleapi.h
  Nota: inclusión del archivo:      C:\Program Files (x86)\Windows Kits\10\Include\10.0.18362.0\um\errhandlingapi.h
  Nota: inclusión del archivo:      C:\Program Files (x86)\Windows Kits\10\Include\10.0.18362.0\um\fibersapi.h
  Nota: inclusión del archivo:      C:\Program Files (x86)\Windows Kits\10\Include\10.0.18362.0\um\namedpipeapi.h
  Nota: inclusión del archivo:      C:\Program Files (x86)\Windows Kits\10\Include\10.0.18362.0\um\profileapi.h
  Nota: inclusión del archivo:      C:\Program Files (x86)\Windows Kits\10\Include\10.0.18362.0\um\heapapi.h
  Nota: inclusión del archivo:      C:\Program Files (x86)\Windows Kits\10\Include\10.0.18362.0\um\ioapiset.h
  Nota: inclusión del archivo:      C:\Program Files (x86)\Windows Kits\10\Include\10.0.18362.0\um\synchapi.h
  Nota: inclusión del archivo:      C:\Program Files (x86)\Windows Kits\10\Include\10.0.18362.0\um\interlockedapi.h
  Nota: inclusión del archivo:      C:\Program Files (x86)\Windows Kits\10\Include\10.0.18362.0\um\processthreadsapi.h
  Nota: inclusión del archivo:      C:\Program Files (x86)\Windows Kits\10\Include\10.0.18362.0\um\sysinfoapi.h
  Nota: inclusión del archivo:      C:\Program Files (x86)\Windows Kits\10\Include\10.0.18362.0\um\memoryapi.h
  Nota: inclusión del archivo:      C:\Program Files (x86)\Windows Kits\10\Include\10.0.18362.0\um\enclaveapi.h
  Nota: inclusión del archivo:      C:\Program Files (x86)\Windows Kits\10\Include\10.0.18362.0\um\threadpoollegacyapiset.h
  Nota: inclusión del archivo:      C:\Program Files (x86)\Windows Kits\10\Include\10.0.18362.0\um\threadpoolapiset.h
  Nota: inclusión del archivo:      C:\Program Files (x86)\Windows Kits\10\Include\10.0.18362.0\um\jobapi.h
  Nota: inclusión del archivo:      C:\Program Files (x86)\Windows Kits\10\Include\10.0.18362.0\um\jobapi2.h
  Nota: inclusión del archivo:      C:\Program Files (x86)\Windows Kits\10\Include\10.0.18362.0\um\wow64apiset.h
  Nota: inclusión del archivo:      C:\Program Files (x86)\Windows Kits\10\Include\10.0.18362.0\um\libloaderapi.h
  Nota: inclusión del archivo:      C:\Program Files (x86)\Windows Kits\10\Include\10.0.18362.0\um\securitybaseapi.h
  Nota: inclusión del archivo:      C:\Program Files (x86)\Windows Kits\10\Include\10.0.18362.0\um\namespaceapi.h
  Nota: inclusión del archivo:      C:\Program Files (x86)\Windows Kits\10\Include\10.0.18362.0\um\systemtopologyapi.h
  Nota: inclusión del archivo:      C:\Program Files (x86)\Windows Kits\10\Include\10.0.18362.0\um\processtopologyapi.h
  Nota: inclusión del archivo:      C:\Program Files (x86)\Windows Kits\10\Include\10.0.18362.0\um\securityappcontainer.h
  Nota: inclusión del archivo:      C:\Program Files (x86)\Windows Kits\10\Include\10.0.18362.0\um\realtimeapiset.h
  Nota: inclusión del archivo:      C:\Program Files (x86)\Windows Kits\10\Include\10.0.18362.0\shared\winerror.h
  Nota: inclusión del archivo:      C:\Program Files (x86)\Windows Kits\10\Include\10.0.18362.0\um\timezoneapi.h
  Nota: inclusión del archivo:     C:\Program Files (x86)\Windows Kits\10\Include\10.0.18362.0\um\wingdi.h
  Nota: inclusión del archivo:      C:\Program Files (x86)\Windows Kits\10\Include\10.0.18362.0\shared\pshpack1.h
  Nota: inclusión del archivo:      C:\Program Files (x86)\Windows Kits\10\Include\10.0.18362.0\shared\poppack.h
  Nota: inclusión del archivo:      C:\Program Files (x86)\Windows Kits\10\Include\10.0.18362.0\shared\pshpack2.h
  Nota: inclusión del archivo:      C:\Program Files (x86)\Windows Kits\10\Include\10.0.18362.0\shared\poppack.h
  Nota: inclusión del archivo:      C:\Program Files (x86)\Windows Kits\10\Include\10.0.18362.0\shared\pshpack2.h
  Nota: inclusión del archivo:      C:\Program Files (x86)\Windows Kits\10\Include\10.0.18362.0\shared\poppack.h
  Nota: inclusión del archivo:      C:\Program Files (x86)\Windows Kits\10\Include\10.0.18362.0\shared\pshpack4.h
  Nota: inclusión del archivo:      C:\Program Files (x86)\Windows Kits\10\Include\10.0.18362.0\shared\poppack.h
  Nota: inclusión del archivo:      C:\Program Files (x86)\Windows Kits\10\Include\10.0.18362.0\shared\pshpack4.h
  Nota: inclusión del archivo:      C:\Program Files (x86)\Windows Kits\10\Include\10.0.18362.0\shared\poppack.h
  Nota: inclusión del archivo:     C:\Program Files (x86)\Windows Kits\10\Include\10.0.18362.0\um\winuser.h
  Nota: inclusión del archivo:      C:\Program Files (x86)\Windows Kits\10\Include\10.0.18362.0\shared\pshpack2.h
  Nota: inclusión del archivo:      C:\Program Files (x86)\Windows Kits\10\Include\10.0.18362.0\shared\poppack.h
  Nota: inclusión del archivo:      C:\Program Files (x86)\Windows Kits\10\Include\10.0.18362.0\shared\tvout.h
  Nota: inclusión del archivo:     C:\Program Files (x86)\Windows Kits\10\Include\10.0.18362.0\um\winnls.h
  Nota: inclusión del archivo:      C:\Program Files (x86)\Windows Kits\10\Include\10.0.18362.0\um\datetimeapi.h
  Nota: inclusión del archivo:      C:\Program Files (x86)\Windows Kits\10\Include\10.0.18362.0\um\stringapiset.h
  Nota: inclusión del archivo:       C:\Program Files (x86)\Windows Kits\10\Include\10.0.18362.0\um\winnls.h
  Nota: inclusión del archivo:     C:\Program Files (x86)\Windows Kits\10\Include\10.0.18362.0\um\wincon.h
  Nota: inclusión del archivo:      C:\Program Files (x86)\Windows Kits\10\Include\10.0.18362.0\um\wincontypes.h
  Nota: inclusión del archivo:      C:\Program Files (x86)\Windows Kits\10\Include\10.0.18362.0\um\consoleapi.h
  Nota: inclusión del archivo:      C:\Program Files (x86)\Windows Kits\10\Include\10.0.18362.0\um\consoleapi2.h
  Nota: inclusión del archivo:      C:\Program Files (x86)\Windows Kits\10\Include\10.0.18362.0\um\consoleapi3.h
  Nota: inclusión del archivo:     C:\Program Files (x86)\Windows Kits\10\Include\10.0.18362.0\um\winver.h
  Nota: inclusión del archivo:      C:\Program Files (x86)\Windows Kits\10\Include\10.0.18362.0\um\verrsrc.h
  Nota: inclusión del archivo:     C:\Program Files (x86)\Windows Kits\10\Include\10.0.18362.0\um\winreg.h
  Nota: inclusión del archivo:      C:\Program Files (x86)\Windows Kits\10\Include\10.0.18362.0\um\reason.h
  Nota: inclusión del archivo:     C:\Program Files (x86)\Windows Kits\10\Include\10.0.18362.0\um\winnetwk.h
  Nota: inclusión del archivo:      C:\Program Files (x86)\Windows Kits\10\Include\10.0.18362.0\shared\wnnc.h
  Nota: inclusión del archivo:     C:\Program Files (x86)\Windows Kits\10\Include\10.0.18362.0\shared\stralign.h
  Nota: inclusión del archivo:     C:\Program Files (x86)\Windows Kits\10\Include\10.0.18362.0\um\winsvc.h
  Nota: inclusión del archivo:     C:\Program Files (x86)\Windows Kits\10\Include\10.0.18362.0\um\mcx.h
  Nota: inclusión del archivo:     C:\Program Files (x86)\Windows Kits\10\Include\10.0.18362.0\um\imm.h
  Nota: inclusión del archivo:      C:\Program Files (x86)\Windows Kits\10\Include\10.0.18362.0\um\ime_cmodes.h
  Nota: inclusión del archivo:    C:\Program Files (x86)\Windows Kits\10\Include\10.0.18362.0\um\zmouse.h
  Nota: inclusión del archivo:    C:\Program Files (x86)\Windows Kits\10\Include\10.0.18362.0\um\CommCtrl.h
  Nota: inclusión del archivo:     C:\Program Files (x86)\Windows Kits\10\Include\10.0.18362.0\um\prsht.h
  Nota: inclusión del archivo:      C:\Program Files (x86)\Windows Kits\10\Include\10.0.18362.0\shared\pshpack8.h
  Nota: inclusión del archivo:      C:\Program Files (x86)\Windows Kits\10\Include\10.0.18362.0\shared\poppack.h
  Nota: inclusión del archivo:     C:\Program Files (x86)\Windows Kits\10\Include\10.0.18362.0\shared\pshpack1.h
  Nota: inclusión del archivo:     C:\Program Files (x86)\Windows Kits\10\Include\10.0.18362.0\shared\poppack.h
  Nota: inclusión del archivo:     C:\Program Files (x86)\Windows Kits\10\Include\10.0.18362.0\shared\pshpack1.h
  Nota: inclusión del archivo:     C:\Program Files (x86)\Windows Kits\10\Include\10.0.18362.0\shared\poppack.h
  Nota: inclusión del archivo:     C:\Program Files (x86)\Windows Kits\10\Include\10.0.18362.0\shared\pshpack1.h
  Nota: inclusión del archivo:     C:\Program Files (x86)\Windows Kits\10\Include\10.0.18362.0\shared\poppack.h
  Nota: inclusión del archivo:     C:\Program Files (x86)\Windows Kits\10\Include\10.0.18362.0\shared\pshpack1.h
  Nota: inclusión del archivo:     C:\Program Files (x86)\Windows Kits\10\Include\10.0.18362.0\shared\poppack.h
  Nota: inclusión del archivo:     C:\Program Files (x86)\Windows Kits\10\Include\10.0.18362.0\shared\pshpack1.h
  Nota: inclusión del archivo:     C:\Program Files (x86)\Windows Kits\10\Include\10.0.18362.0\shared\poppack.h
  Nota: inclusión del archivo:     C:\Program Files (x86)\Windows Kits\10\Include\10.0.18362.0\um\dpa_dsa.h
  Nota: inclusión del archivo:    C:\Program Files (x86)\Windows Kits\10\Include\10.0.18362.0\ucrt\tchar.h
  Nota: inclusión del archivo:     C:\Program Files (x86)\Windows Kits\10\Include\10.0.18362.0\ucrt\wchar.h
  Nota: inclusión del archivo:      C:\Program Files (x86)\Windows Kits\10\Include\10.0.18362.0\ucrt\corecrt_wconio.h
  Nota: inclusión del archivo:       C:\Program Files (x86)\Windows Kits\10\Include\10.0.18362.0\ucrt\corecrt_stdio_config.h
  Nota: inclusión del archivo:      C:\Program Files (x86)\Windows Kits\10\Include\10.0.18362.0\ucrt\corecrt_wdirect.h
  Nota: inclusión del archivo:      C:\Program Files (x86)\Windows Kits\10\Include\10.0.18362.0\ucrt\corecrt_wio.h
  Nota: inclusión del archivo:       C:\Program Files (x86)\Windows Kits\10\Include\10.0.18362.0\ucrt\corecrt_share.h
  Nota: inclusión del archivo:      C:\Program Files (x86)\Windows Kits\10\Include\10.0.18362.0\ucrt\corecrt_wprocess.h
  Nota: inclusión del archivo:      C:\Program Files (x86)\Windows Kits\10\Include\10.0.18362.0\ucrt\corecrt_wstdio.h
  Nota: inclusión del archivo:      C:\Program Files (x86)\Windows Kits\10\Include\10.0.18362.0\ucrt\corecrt_wstdlib.h
  Nota: inclusión del archivo:      C:\Program Files (x86)\Windows Kits\10\Include\10.0.18362.0\ucrt\corecrt_wtime.h
  Nota: inclusión del archivo:      C:\Program Files (x86)\Windows Kits\10\Include\10.0.18362.0\ucrt\sys/stat.h
  Nota: inclusión del archivo:       C:\Program Files (x86)\Windows Kits\10\Include\10.0.18362.0\ucrt\sys/types.h
  Nota: inclusión del archivo:  C:\Program Files (x86)\Windows Kits\10\Include\10.0.18362.0\ucrt\stdio.h
  Nota: inclusión del archivo:  C:\Program Files (x86)\Windows Kits\10\Include\10.0.18362.0\ucrt\stdlib.h
  Nota: inclusión del archivo:   C:\Program Files (x86)\Windows Kits\10\Include\10.0.18362.0\ucrt\corecrt_malloc.h
  Nota: inclusión del archivo:   C:\Program Files (x86)\Windows Kits\10\Include\10.0.18362.0\ucrt\corecrt_search.h
  Nota: inclusión del archivo:    C:\Program Files (x86)\Windows Kits\10\Include\10.0.18362.0\ucrt\stddef.h
  Nota: inclusión del archivo:   C:\Program Files (x86)\Microsoft Visual Studio\2019\Community\VC\Tools\MSVC\14.28.29333\include\limits.h
  Nota: inclusión del archivo:  C:\Program Files (x86)\Windows Kits\10\Include\10.0.18362.0\ucrt\time.h
  Nota: inclusión del archivo:  C:\Program Files (x86)\Windows Kits\10\Include\10.0.18362.0\ucrt\malloc.h
  Nota: inclusión del archivo:  C:\Program Files (x86)\Windows Kits\10\Include\10.0.18362.0\ucrt\crtdbg.h
  Nota: inclusión del archivo:  C:\Program Files (x86)\Microsoft Visual Studio\2019\Community\VC\Tools\MSVC\14.28.29333\atlmfc\include\atltrace.h
  Nota: inclusión del archivo:   C:\Program Files (x86)\Microsoft Visual Studio\2019\Community\VC\Tools\MSVC\14.28.29333\atlmfc\include\atldef.h
  Nota: inclusión del archivo:    C:\Program Files (x86)\Microsoft Visual Studio\2019\Community\VC\Tools\MSVC\14.28.29333\atlmfc\include\atlrc.h
  Nota: inclusión del archivo:    C:\Program Files (x86)\Windows Kits\10\Include\10.0.18362.0\um\WinSock2.h
  Nota: inclusión del archivo:     C:\Program Files (x86)\Windows Kits\10\Include\10.0.18362.0\shared\ws2def.h
  Nota: inclusión del archivo:      C:\Program Files (x86)\Windows Kits\10\Include\10.0.18362.0\shared\inaddr.h
  Nota: inclusión del archivo:     C:\Program Files (x86)\Windows Kits\10\Include\10.0.18362.0\shared\qos.h
  Nota: inclusión del archivo:   C:\Program Files (x86)\Microsoft Visual Studio\2019\Community\VC\Tools\MSVC\14.28.29333\atlmfc\include\atlconv.h
  Nota: inclusión del archivo:    C:\Program Files (x86)\Microsoft Visual Studio\2019\Community\VC\Tools\MSVC\14.28.29333\atlmfc\include\atlalloc.h
  Nota: inclusión del archivo:     C:\Program Files (x86)\Windows Kits\10\Include\10.0.18362.0\um\Ole2.h
  Nota: inclusión del archivo:      C:\Program Files (x86)\Windows Kits\10\Include\10.0.18362.0\shared\pshpack8.h
  Nota: inclusión del archivo:      C:\Program Files (x86)\Windows Kits\10\Include\10.0.18362.0\um\objbase.h
  Nota: inclusión del archivo:       C:\Program Files (x86)\Windows Kits\10\Include\10.0.18362.0\shared\rpc.h
  Nota: inclusión del archivo:        C:\Program Files (x86)\Windows Kits\10\Include\10.0.18362.0\shared\pshpack8.h
  Nota: inclusión del archivo:        C:\Program Files (x86)\Windows Kits\10\Include\10.0.18362.0\shared\rpcdce.h
  Nota: inclusión del archivo:         C:\Program Files (x86)\Windows Kits\10\Include\10.0.18362.0\shared\rpcdcep.h
  Nota: inclusión del archivo:        C:\Program Files (x86)\Windows Kits\10\Include\10.0.18362.0\um\rpcnsi.h
  Nota: inclusión del archivo:        C:\Program Files (x86)\Windows Kits\10\Include\10.0.18362.0\shared\rpcnterr.h
  Nota: inclusión del archivo:        C:\Program Files (x86)\Windows Kits\10\Include\10.0.18362.0\shared\rpcasync.h
  Nota: inclusión del archivo:         C:\Program Files (x86)\Windows Kits\10\Include\10.0.18362.0\shared\pshpack8.h
  Nota: inclusión del archivo:         C:\Program Files (x86)\Windows Kits\10\Include\10.0.18362.0\shared\poppack.h
  Nota: inclusión del archivo:        C:\Program Files (x86)\Windows Kits\10\Include\10.0.18362.0\shared\poppack.h
  Nota: inclusión del archivo:       C:\Program Files (x86)\Windows Kits\10\Include\10.0.18362.0\shared\rpcndr.h
  Nota: inclusión del archivo:        C:\Program Files (x86)\Windows Kits\10\Include\10.0.18362.0\shared\pshpack8.h
  Nota: inclusión del archivo:        C:\Program Files (x86)\Windows Kits\10\Include\10.0.18362.0\um\rpcnsip.h
  Nota: inclusión del archivo:        C:\Program Files (x86)\Windows Kits\10\Include\10.0.18362.0\shared\rpcsal.h
  Nota: inclusión del archivo:        C:\Program Files (x86)\Windows Kits\10\Include\10.0.18362.0\shared\poppack.h
  Nota: inclusión del archivo:       C:\Program Files (x86)\Windows Kits\10\Include\10.0.18362.0\shared\pshpack8.h
  Nota: inclusión del archivo:       C:\Program Files (x86)\Windows Kits\10\Include\10.0.18362.0\um\combaseapi.h
  Nota: inclusión del archivo:        C:\Program Files (x86)\Windows Kits\10\Include\10.0.18362.0\shared\pshpack8.h
  Nota: inclusión del archivo:        C:\Program Files (x86)\Windows Kits\10\Include\10.0.18362.0\shared\wtypesbase.h
  Nota: inclusión del archivo:         C:\Program Files (x86)\Windows Kits\10\Include\10.0.18362.0\shared\guiddef.h
  Nota: inclusión del archivo:        C:\Program Files (x86)\Windows Kits\10\Include\10.0.18362.0\um\unknwnbase.h
  Nota: inclusión del archivo:        C:\Program Files (x86)\Windows Kits\10\Include\10.0.18362.0\um\objidlbase.h
  Nota: inclusión del archivo:        C:\Program Files (x86)\Windows Kits\10\Include\10.0.18362.0\shared\guiddef.h
  Nota: inclusión del archivo:        C:\Program Files (x86)\Windows Kits\10\Include\10.0.18362.0\um\cguid.h
  Nota: inclusión del archivo:        C:\Program Files (x86)\Windows Kits\10\Include\10.0.18362.0\shared\poppack.h
  Nota: inclusión del archivo:       C:\Program Files (x86)\Windows Kits\10\Include\10.0.18362.0\um\coml2api.h
  Nota: inclusión del archivo:        C:\Program Files (x86)\Windows Kits\10\Include\10.0.18362.0\um\objidl.h
  Nota: inclusión del archivo:         C:\Program Files (x86)\Windows Kits\10\Include\10.0.18362.0\um\unknwn.h
  Nota: inclusión del archivo:          C:\Program Files (x86)\Windows Kits\10\Include\10.0.18362.0\shared\wtypes.h
  Nota: inclusión del archivo:        C:\Program Files (x86)\Windows Kits\10\Include\10.0.18362.0\um\propidlbase.h
  Nota: inclusión del archivo:         C:\Program Files (x86)\Windows Kits\10\Include\10.0.18362.0\um\oaidl.h
  Nota: inclusión del archivo:       C:\Program Files (x86)\Windows Kits\10\Include\10.0.18362.0\um\urlmon.h
  Nota: inclusión del archivo:        C:\Program Files (x86)\Windows Kits\10\Include\10.0.18362.0\um\oleidl.h
  Nota: inclusión del archivo:        C:\Program Files (x86)\Windows Kits\10\Include\10.0.18362.0\um\servprov.h
  Nota: inclusión del archivo:        C:\Program Files (x86)\Windows Kits\10\Include\10.0.18362.0\um\msxml.h
  Nota: inclusión del archivo:       C:\Program Files (x86)\Windows Kits\10\Include\10.0.18362.0\um\propidl.h
  Nota: inclusión del archivo:       C:\Program Files (x86)\Windows Kits\10\Include\10.0.18362.0\shared\poppack.h
  Nota: inclusión del archivo:      C:\Program Files (x86)\Windows Kits\10\Include\10.0.18362.0\um\oleauto.h
  Nota: inclusión del archivo:       C:\Program Files (x86)\Windows Kits\10\Include\10.0.18362.0\shared\pshpack8.h
  Nota: inclusión del archivo:       C:\Program Files (x86)\Windows Kits\10\Include\10.0.18362.0\shared\poppack.h
  Nota: inclusión del archivo:      C:\Program Files (x86)\Windows Kits\10\Include\10.0.18362.0\shared\poppack.h
  Nota: inclusión del archivo:  C:\Program Files (x86)\Microsoft Visual Studio\2019\Community\VC\Tools\MSVC\14.28.29333\atlmfc\include\afxstr.h
  Nota: inclusión del archivo:   C:\Program Files (x86)\Windows Kits\10\Include\10.0.18362.0\ucrt\mbstring.h
  Nota: inclusión del archivo:   C:\Program Files (x86)\Microsoft Visual Studio\2019\Community\VC\Tools\MSVC\14.28.29333\atlmfc\include\atlcore.h
  Nota: inclusión del archivo:    C:\Program Files (x86)\Microsoft Visual Studio\2019\Community\VC\Tools\MSVC\14.28.29333\atlmfc\include\atlchecked.h
  Nota: inclusión del archivo:     C:\Program Files (x86)\Microsoft Visual Studio\2019\Community\VC\Tools\MSVC\14.28.29333\atlmfc\include\atlexcept.h
  Nota: inclusión del archivo:    C:\Program Files (x86)\Microsoft Visual Studio\2019\Community\VC\Tools\MSVC\14.28.29333\atlmfc\include\atlsimpcoll.h
  Nota: inclusión del archivo:    C:\Program Files (x86)\Microsoft Visual Studio\2019\Community\VC\Tools\MSVC\14.28.29333\atlmfc\include\atlwinverapi.h
  Nota: inclusión del archivo:    C:\Program Files (x86)\Microsoft Visual Studio\2019\Community\VC\Tools\MSVC\14.28.29333\include\type_traits
  Nota: inclusión del archivo:     C:\Program Files (x86)\Microsoft Visual Studio\2019\Community\VC\Tools\MSVC\14.28.29333\include\yvals_core.h
  Nota: inclusión del archivo:      C:\Program Files (x86)\Microsoft Visual Studio\2019\Community\VC\Tools\MSVC\14.28.29333\include\xkeycheck.h
  Nota: inclusión del archivo:     C:\Program Files (x86)\Microsoft Visual Studio\2019\Community\VC\Tools\MSVC\14.28.29333\include\xstddef
  Nota: inclusión del archivo:      C:\Program Files (x86)\Microsoft Visual Studio\2019\Community\VC\Tools\MSVC\14.28.29333\include\cstddef
  Nota: inclusión del archivo:       C:\Program Files (x86)\Microsoft Visual Studio\2019\Community\VC\Tools\MSVC\14.28.29333\include\xtr1common
  Nota: inclusión del archivo:      C:\Program Files (x86)\Microsoft Visual Studio\2019\Community\VC\Tools\MSVC\14.28.29333\include\cstdlib
  Nota: inclusión del archivo:       C:\Program Files (x86)\Windows Kits\10\Include\10.0.18362.0\ucrt\math.h
  Nota: inclusión del archivo:        C:\Program Files (x86)\Windows Kits\10\Include\10.0.18362.0\ucrt\corecrt_math.h
  Nota: inclusión del archivo:      C:\Program Files (x86)\Microsoft Visual Studio\2019\Community\VC\Tools\MSVC\14.28.29333\include\initializer_list
  Nota: inclusión del archivo:   C:\Program Files (x86)\Microsoft Visual Studio\2019\Community\VC\Tools\MSVC\14.28.29333\atlmfc\include\cstringt.h
  Nota: inclusión del archivo:    C:\Program Files (x86)\Microsoft Visual Studio\2019\Community\VC\Tools\MSVC\14.28.29333\atlmfc\include\atlsimpstr.h
  Nota: inclusión del archivo:     C:\Program Files (x86)\Microsoft Visual Studio\2019\Community\VC\Tools\MSVC\14.28.29333\atlmfc\include\atlmem.h
  Nota: inclusión del archivo:      C:\Program Files (x86)\Microsoft Visual Studio\2019\Community\VC\Tools\MSVC\14.28.29333\atlmfc\include\ATLComMem.h
  Nota: inclusión del archivo:       C:\Program Files (x86)\Microsoft Visual Studio\2019\Community\VC\Tools\MSVC\14.28.29333\atlmfc\include\atlcomcli.h
  Nota: inclusión del archivo:        C:\Program Files (x86)\Windows Kits\10\Include\10.0.18362.0\um\OleCtl.h
  Nota: inclusión del archivo:         C:\Program Files (x86)\Windows Kits\10\Include\10.0.18362.0\shared\pshpack8.h
  Nota: inclusión del archivo:         C:\Program Files (x86)\Windows Kits\10\Include\10.0.18362.0\um\ocidl.h
  Nota: inclusión del archivo:         C:\Program Files (x86)\Windows Kits\10\Include\10.0.18362.0\shared\poppack.h
  Nota: inclusión del archivo:     C:\Program Files (x86)\Microsoft Visual Studio\2019\Community\VC\Tools\MSVC\14.28.29333\include\intrin.h
  Nota: inclusión del archivo:      C:\Program Files (x86)\Microsoft Visual Studio\2019\Community\VC\Tools\MSVC\14.28.29333\include\intrin0.h
  Nota: inclusión del archivo:      C:\Program Files (x86)\Microsoft Visual Studio\2019\Community\VC\Tools\MSVC\14.28.29333\include\setjmp.h
  Nota: inclusión del archivo:      C:\Program Files (x86)\Microsoft Visual Studio\2019\Community\VC\Tools\MSVC\14.28.29333\include\immintrin.h
  Nota: inclusión del archivo:       C:\Program Files (x86)\Microsoft Visual Studio\2019\Community\VC\Tools\MSVC\14.28.29333\include\wmmintrin.h
  Nota: inclusión del archivo:        C:\Program Files (x86)\Microsoft Visual Studio\2019\Community\VC\Tools\MSVC\14.28.29333\include\nmmintrin.h
  Nota: inclusión del archivo:         C:\Program Files (x86)\Microsoft Visual Studio\2019\Community\VC\Tools\MSVC\14.28.29333\include\smmintrin.h
  Nota: inclusión del archivo:          C:\Program Files (x86)\Microsoft Visual Studio\2019\Community\VC\Tools\MSVC\14.28.29333\include\tmmintrin.h
  Nota: inclusión del archivo:           C:\Program Files (x86)\Microsoft Visual Studio\2019\Community\VC\Tools\MSVC\14.28.29333\include\pmmintrin.h
  Nota: inclusión del archivo:            C:\Program Files (x86)\Microsoft Visual Studio\2019\Community\VC\Tools\MSVC\14.28.29333\include\emmintrin.h
  Nota: inclusión del archivo:             C:\Program Files (x86)\Microsoft Visual Studio\2019\Community\VC\Tools\MSVC\14.28.29333\include\xmmintrin.h
  Nota: inclusión del archivo:              C:\Program Files (x86)\Microsoft Visual Studio\2019\Community\VC\Tools\MSVC\14.28.29333\include\mmintrin.h
  Nota: inclusión del archivo:       C:\Program Files (x86)\Microsoft Visual Studio\2019\Community\VC\Tools\MSVC\14.28.29333\include\zmmintrin.h
  Nota: inclusión del archivo:      C:\Program Files (x86)\Microsoft Visual Studio\2019\Community\VC\Tools\MSVC\14.28.29333\include\ammintrin.h
  Nota: inclusión del archivo:  C:\Program Files (x86)\Microsoft Visual Studio\2019\Community\VC\Tools\MSVC\14.28.29333\atlmfc\include\atltransactionmanager.h
  Nota: inclusión del archivo:   C:\Program Files (x86)\Windows Kits\10\Include\10.0.18362.0\um\ktmw32.h
  Nota: inclusión del archivo:  C:\Program Files (x86)\Microsoft Visual Studio\2019\Community\VC\Tools\MSVC\14.28.29333\atlmfc\include\atltime.h
  Nota: inclusión del archivo:   C:\Program Files (x86)\Windows Kits\10\Include\10.0.18362.0\um\oledb.h
  Nota: inclusión del archivo:    C:\Program Files (x86)\Windows Kits\10\Include\10.0.18362.0\um\transact.h
  Nota: inclusión del archivo:    C:\Program Files (x86)\Windows Kits\10\Include\10.0.18362.0\shared\pshpack8.h
  Nota: inclusión del archivo:    C:\Program Files (x86)\Windows Kits\10\Include\10.0.18362.0\um\accctrl.h
  Nota: inclusión del archivo:    C:\Program Files (x86)\Windows Kits\10\Include\10.0.18362.0\shared\poppack.h
  Nota: inclusión del archivo:  C:\Program Files (x86)\Microsoft Visual Studio\2019\Community\VC\Tools\MSVC\14.28.29333\atlmfc\include\afxcoll.h
  Nota: inclusión del archivo:   C:\Program Files (x86)\Microsoft Visual Studio\2019\Community\VC\Tools\MSVC\14.28.29333\atlmfc\include\afxstat_.h
  Nota: inclusión del archivo:    C:\Program Files (x86)\Microsoft Visual Studio\2019\Community\VC\Tools\MSVC\14.28.29333\atlmfc\include\atltypes.h
  Nota: inclusión del archivo:    C:\Program Files (x86)\Microsoft Visual Studio\2019\Community\VC\Tools\MSVC\14.28.29333\atlmfc\include\afxtls_.h
  Nota: inclusión del archivo:  C:\Program Files (x86)\Microsoft Visual Studio\2019\Community\VC\Tools\MSVC\14.28.29333\atlmfc\include\afx.inl
  Nota: inclusión del archivo: C:\Users\shuos\Desktop\tema4inicial_VS19x64\src\Mundo.h
  Nota: inclusión del archivo: C:\Users\shuos\Desktop\tema4inicial_VS19x64\lib\freeglut.h
  Nota: inclusión del archivo:  C:\Program Files (x86)\Windows Kits\10\Include\10.0.18362.0\um\GL/gl.h
  Nota: inclusión del archivo:  C:\Program Files (x86)\Windows Kits\10\Include\10.0.18362.0\um\GL/glu.h
  Nota: inclusión del archivo: C:\Program Files (x86)\Microsoft Visual Studio\2019\Community\VC\Tools\MSVC\14.28.29333\include\cstring
  Nota: inclusión del archivo:  C:\Program Files (x86)\Microsoft Visual Studio\2019\Community\VC\Tools\MSVC\14.28.29333\include\yvals.h
  Nota: inclusión del archivo:   C:\Program Files (x86)\Microsoft Visual Studio\2019\Community\VC\Tools\MSVC\14.28.29333\include\crtdefs.h
  Nota: inclusión del archivo:   C:\Program Files (x86)\Microsoft Visual Studio\2019\Community\VC\Tools\MSVC\14.28.29333\include\use_ansi.h
C:\Users\shuos\Desktop\tema4inicial_VS19x64\src\Pang.cpp(82,9): warning C4996: 'fopen': This function or variable may be unsafe. Consider using fopen_s instead. To disable deprecation, use _CRT_SECURE_NO_WARNINGS. See online help for details.
C:\Users\shuos\Desktop\tema4inicial_VS19x64\src\Pang.cpp(93,5): warning C4996: 'sscanf': This function or variable may be unsafe. Consider using sscanf_s instead. To disable deprecation, use _CRT_SECURE_NO_WARNINGS. See online help for details.
C:\Users\shuos\Desktop\tema4inicial_VS19x64\src\Pang.cpp(111,5): warning C4996: 'sscanf': This function or variable may be unsafe. Consider using sscanf_s instead. To disable deprecation, use _CRT_SECURE_NO_WARNINGS. See online help for details.
C:\Users\shuos\Desktop\tema4inicial_VS19x64\src\Pang.cpp(126,5): warning C4996: 'sscanf': This function or variable may be unsafe. Consider using sscanf_s instead. To disable deprecation, use _CRT_SECURE_NO_WARNINGS. See online help for details.
C:\Users\shuos\Desktop\tema4inicial_VS19x64\src\Pang.cpp(143,5): warning C4996: 'sscanf': This function or variable may be unsafe. Consider using sscanf_s instead. To disable deprecation, use _CRT_SECURE_NO_WARNINGS. See online help for details.
  Pang.vcxproj -> C:\Users\shuos\Desktop\tema4inicial_VS19x64\bin\Pang.exe
